<?xml version="1.0" encoding="UTF-8"?>
<!-- Generated by org.testng.reporters.JUnitReportReporter -->
<testsuite hostname="user" failures="0" tests="1" name="asg.test" time="97.947" errors="0" timestamp="2021-02-02T19:35:03 IST" skipped="0">
  <testcase classname="asg.test" name="userregistration" time="97.947"/>
  <system-out/>
</testsuite> <!-- asg.test -->
